-------------------------------------------------------------------------------
Test set: assignment.TempEntityUtilsTest
-------------------------------------------------------------------------------
Tests run: 6, Failures: 0, Errors: 4, Skipped: 0, Time elapsed: 0.014 sec <<< FAILURE!
generateNewId_shouldGenerateAnIntegerBetween100and10000(assignment.TempEntityUtilsTest)  Time elapsed: 0.002 sec  <<< ERROR!
java.lang.NullPointerException
	at java.util.Random.next(Random.java:202)
	at java.util.Random.nextInt(Random.java:390)
	at assignment.EntityUtils.generateNewId(EntityUtils.java:17)
	at assignment.TempEntityUtilsTest.generateNewId_shouldGenerateAnIntegerBetween100and10000(TempEntityUtilsTest.java:204)
	at sun.reflect.NativeMethodAccessorImpl.invoke0(Native Method)
	at java.lang.reflect.Method.invoke(Method.java:483)
	at sun.reflect.NativeMethodAccessorImpl.invoke0(Native Method)
	at java.lang.reflect.Method.invoke(Method.java:483)
	at org.apache.maven.surefire.junit4.JUnit4Provider.execute(JUnit4Provider.java:252)
	at org.apache.maven.surefire.junit4.JUnit4Provider.executeTestSet(JUnit4Provider.java:141)
	at org.apache.maven.surefire.junit4.JUnit4Provider.invoke(JUnit4Provider.java:112)
	at sun.reflect.NativeMethodAccessorImpl.invoke0(Native Method)
	at java.lang.reflect.Method.invoke(Method.java:483)
	at org.apache.maven.surefire.util.ReflectionUtils.invokeMethodWithArray(ReflectionUtils.java:189)
	at org.apache.maven.surefire.booter.ProviderFactory$ProviderProxy.invoke(ProviderFactory.java:165)
	at org.apache.maven.surefire.booter.ProviderFactory.invokeProvider(ProviderFactory.java:85)
	at org.apache.maven.surefire.booter.ForkedBooter.runSuitesInProcess(ForkedBooter.java:115)
	at org.apache.maven.surefire.booter.ForkedBooter.main(ForkedBooter.java:75)

deepClone_shouldCloneGraph_scenario2_cyclic(assignment.TempEntityUtilsTest)  Time elapsed: 0.001 sec  <<< ERROR!
java.lang.NullPointerException
	at java.util.Random.next(Random.java:202)
	at java.util.Random.nextInt(Random.java:390)
	at assignment.EntityUtils.generateNewId(EntityUtils.java:17)
	at assignment.EntityUtils.cloneEntity(EntityUtils.java:138)
	at assignment.EntityUtils.deepClone(EntityUtils.java:111)
	at assignment.EntityUtils.deepClone(EntityUtils.java:50)
	at assignment.TempEntityUtilsTest.deepClone_shouldCloneGraph_scenario2_cyclic(TempEntityUtilsTest.java:81)
	at sun.reflect.NativeMethodAccessorImpl.invoke0(Native Method)
	at java.lang.reflect.Method.invoke(Method.java:483)
	at sun.reflect.NativeMethodAccessorImpl.invoke0(Native Method)
	at java.lang.reflect.Method.invoke(Method.java:483)
	at org.apache.maven.surefire.junit4.JUnit4Provider.execute(JUnit4Provider.java:252)
	at org.apache.maven.surefire.junit4.JUnit4Provider.executeTestSet(JUnit4Provider.java:141)
	at org.apache.maven.surefire.junit4.JUnit4Provider.invoke(JUnit4Provider.java:112)
	at sun.reflect.NativeMethodAccessorImpl.invoke0(Native Method)
	at java.lang.reflect.Method.invoke(Method.java:483)
	at org.apache.maven.surefire.util.ReflectionUtils.invokeMethodWithArray(ReflectionUtils.java:189)
	at org.apache.maven.surefire.booter.ProviderFactory$ProviderProxy.invoke(ProviderFactory.java:165)
	at org.apache.maven.surefire.booter.ProviderFactory.invokeProvider(ProviderFactory.java:85)
	at org.apache.maven.surefire.booter.ForkedBooter.runSuitesInProcess(ForkedBooter.java:115)
	at org.apache.maven.surefire.booter.ForkedBooter.main(ForkedBooter.java:75)

deepClone_shouldCloneGraph_scenario1(assignment.TempEntityUtilsTest)  Time elapsed: 0.002 sec  <<< ERROR!
java.lang.NullPointerException
	at java.util.Random.next(Random.java:202)
	at java.util.Random.nextInt(Random.java:390)
	at assignment.EntityUtils.generateNewId(EntityUtils.java:17)
	at assignment.EntityUtils.cloneEntity(EntityUtils.java:138)
	at assignment.EntityUtils.deepClone(EntityUtils.java:111)
	at assignment.EntityUtils.deepClone(EntityUtils.java:50)
	at assignment.TempEntityUtilsTest.deepClone_shouldCloneGraph_scenario1(TempEntityUtilsTest.java:30)
	at sun.reflect.NativeMethodAccessorImpl.invoke0(Native Method)
	at java.lang.reflect.Method.invoke(Method.java:483)
	at sun.reflect.NativeMethodAccessorImpl.invoke0(Native Method)
	at java.lang.reflect.Method.invoke(Method.java:483)
	at org.apache.maven.surefire.junit4.JUnit4Provider.execute(JUnit4Provider.java:252)
	at org.apache.maven.surefire.junit4.JUnit4Provider.executeTestSet(JUnit4Provider.java:141)
	at org.apache.maven.surefire.junit4.JUnit4Provider.invoke(JUnit4Provider.java:112)
	at sun.reflect.NativeMethodAccessorImpl.invoke0(Native Method)
	at java.lang.reflect.Method.invoke(Method.java:483)
	at org.apache.maven.surefire.util.ReflectionUtils.invokeMethodWithArray(ReflectionUtils.java:189)
	at org.apache.maven.surefire.booter.ProviderFactory$ProviderProxy.invoke(ProviderFactory.java:165)
	at org.apache.maven.surefire.booter.ProviderFactory.invokeProvider(ProviderFactory.java:85)
	at org.apache.maven.surefire.booter.ForkedBooter.runSuitesInProcess(ForkedBooter.java:115)
	at org.apache.maven.surefire.booter.ForkedBooter.main(ForkedBooter.java:75)

deepClone_shouldCloneGraph_twoEntities(assignment.TempEntityUtilsTest)  Time elapsed: 0.001 sec  <<< ERROR!
java.lang.NullPointerException
	at java.util.Random.next(Random.java:202)
	at java.util.Random.nextInt(Random.java:390)
	at assignment.EntityUtils.generateNewId(EntityUtils.java:17)
	at assignment.EntityUtils.cloneEntity(EntityUtils.java:138)
	at assignment.EntityUtils.deepClone(EntityUtils.java:111)
	at assignment.EntityUtils.deepClone(EntityUtils.java:50)
	at assignment.TempEntityUtilsTest.deepClone_shouldCloneGraph_twoEntities(TempEntityUtilsTest.java:127)
	at sun.reflect.NativeMethodAccessorImpl.invoke0(Native Method)
	at java.lang.reflect.Method.invoke(Method.java:483)
	at sun.reflect.NativeMethodAccessorImpl.invoke0(Native Method)
	at java.lang.reflect.Method.invoke(Method.java:483)
	at org.apache.maven.surefire.junit4.JUnit4Provider.execute(JUnit4Provider.java:252)
	at org.apache.maven.surefire.junit4.JUnit4Provider.executeTestSet(JUnit4Provider.java:141)
	at org.apache.maven.surefire.junit4.JUnit4Provider.invoke(JUnit4Provider.java:112)
	at sun.reflect.NativeMethodAccessorImpl.invoke0(Native Method)
	at java.lang.reflect.Method.invoke(Method.java:483)
	at org.apache.maven.surefire.util.ReflectionUtils.invokeMethodWithArray(ReflectionUtils.java:189)
	at org.apache.maven.surefire.booter.ProviderFactory$ProviderProxy.invoke(ProviderFactory.java:165)
	at org.apache.maven.surefire.booter.ProviderFactory.invokeProvider(ProviderFactory.java:85)
	at org.apache.maven.surefire.booter.ForkedBooter.runSuitesInProcess(ForkedBooter.java:115)
	at org.apache.maven.surefire.booter.ForkedBooter.main(ForkedBooter.java:75)

